2014/07/07 06:23:38 [error] [exception.CException] exception 'CException' with message 'Alias "application.components.HttpRequest" không có hiệu lực. Phải chắc chắn nó chỉ đến một tập tin PHP đã có.' in D:\admin\framework\YiiBase.php:316
Stack trace:
#0 D:\admin\framework\YiiBase.php(196): YiiBase::import('application.com...', true)
#1 D:\admin\framework\base\CModule.php(386): YiiBase::createComponent(Array)
#2 D:\admin\framework\base\CApplication.php(501): CModule->getComponent('request')
#3 D:\admin\framework\web\CWebApplication.php(545): CApplication->getRequest()
#4 D:\admin\framework\base\CApplication.php(154): CWebApplication->init()
#5 D:\admin\framework\YiiBase.php(125): CApplication->__construct('D:\admin/protec...')
#6 D:\admin\framework\YiiBase.php(98): YiiBase::createApplication('CWebApplication', 'D:\admin/protec...')
#7 D:\admin\index.php(11): YiiBase::createWebApplication('D:\admin/protec...')
#8 {main}
REQUEST_URI=/
---
2014/07/07 06:23:39 [error] [exception.CException] exception 'CException' with message 'Alias "application.components.HttpRequest" không có hiệu lực. Phải chắc chắn nó chỉ đến một tập tin PHP đã có.' in D:\admin\framework\YiiBase.php:316
Stack trace:
#0 D:\admin\framework\YiiBase.php(196): YiiBase::import('application.com...', true)
#1 D:\admin\framework\base\CModule.php(386): YiiBase::createComponent(Array)
#2 D:\admin\framework\base\CApplication.php(501): CModule->getComponent('request')
#3 D:\admin\framework\web\CWebApplication.php(545): CApplication->getRequest()
#4 D:\admin\framework\base\CApplication.php(154): CWebApplication->init()
#5 D:\admin\framework\YiiBase.php(125): CApplication->__construct('D:\admin/protec...')
#6 D:\admin\framework\YiiBase.php(98): YiiBase::createApplication('CWebApplication', 'D:\admin/protec...')
#7 D:\admin\index.php(11): YiiBase::createWebApplication('D:\admin/protec...')
#8 {main}
REQUEST_URI=/favicon.ico
---
